{"D:\\@Github\\anysort\\build\\index.cjs.js": {"path":"D:\\@Github\\anysort\\build\\index.cjs.js","statementMap":{"0":{"start":{"line":3,"column":14},"end":{"line":3,"column":58}},"1":{"start":{"line":3,"column":20},"end":{"line":3,"column":58}},"2":{"start":{"line":4,"column":13},"end":{"line":4,"column":61}},"3":{"start":{"line":4,"column":22},"end":{"line":4,"column":61}},"4":{"start":{"line":5,"column":15},"end":{"line":5,"column":43}},"5":{"start":{"line":5,"column":24},"end":{"line":5,"column":43}},"6":{"start":{"line":6,"column":15},"end":{"line":6,"column":36}},"7":{"start":{"line":6,"column":22},"end":{"line":6,"column":36}},"8":{"start":{"line":7,"column":16},"end":{"line":7,"column":104}},"9":{"start":{"line":7,"column":23},"end":{"line":7,"column":104}},"10":{"start":{"line":8,"column":13},"end":{"line":8,"column":45}},"11":{"start":{"line":8,"column":20},"end":{"line":8,"column":45}},"12":{"start":{"line":9,"column":16},"end":{"line":9,"column":26}},"13":{"start":{"line":9,"column":23},"end":{"line":9,"column":26}},"14":{"start":{"line":15,"column":13},"end":{"line":29,"column":1}},"15":{"start":{"line":15,"column":29},"end":{"line":29,"column":1}},"16":{"start":{"line":16,"column":18},"end":{"line":18,"column":31}},"17":{"start":{"line":19,"column":14},"end":{"line":19,"column":15}},"18":{"start":{"line":20,"column":19},"end":{"line":20,"column":23}},"19":{"start":{"line":21,"column":4},"end":{"line":27,"column":5}},"20":{"start":{"line":22,"column":8},"end":{"line":22,"column":33}},"21":{"start":{"line":23,"column":8},"end":{"line":25,"column":9}},"22":{"start":{"line":24,"column":12},"end":{"line":24,"column":100}},"23":{"start":{"line":26,"column":8},"end":{"line":26,"column":28}},"24":{"start":{"line":28,"column":4},"end":{"line":28,"column":15}},"25":{"start":{"line":32,"column":15},"end":{"line":51,"column":1}},"26":{"start":{"line":58,"column":24},"end":{"line":67,"column":1}},"27":{"start":{"line":59,"column":15},"end":{"line":59,"column":19}},"28":{"start":{"line":62,"column":19},"end":{"line":62,"column":31}},"29":{"start":{"line":63,"column":17},"end":{"line":63,"column":19}},"30":{"start":{"line":64,"column":21},"end":{"line":64,"column":27}},"31":{"start":{"line":66,"column":20},"end":{"line":66,"column":22}},"32":{"start":{"line":68,"column":23},"end":{"line":81,"column":1}},"33":{"start":{"line":69,"column":21},"end":{"line":69,"column":42}},"34":{"start":{"line":70,"column":4},"end":{"line":80,"column":5}},"35":{"start":{"line":71,"column":19},"end":{"line":71,"column":30}},"36":{"start":{"line":72,"column":19},"end":{"line":72,"column":30}},"37":{"start":{"line":76,"column":8},"end":{"line":76,"column":50}},"38":{"start":{"line":79,"column":8},"end":{"line":79,"column":56}},"39":{"start":{"line":82,"column":23},"end":{"line":85,"column":1}},"40":{"start":{"line":83,"column":18},"end":{"line":83,"column":25}},"41":{"start":{"line":84,"column":4},"end":{"line":84,"column":50}},"42":{"start":{"line":86,"column":24},"end":{"line":103,"column":1}},"43":{"start":{"line":87,"column":18},"end":{"line":87,"column":28}},"44":{"start":{"line":88,"column":18},"end":{"line":88,"column":28}},"45":{"start":{"line":89,"column":19},"end":{"line":89,"column":32}},"46":{"start":{"line":90,"column":15},"end":{"line":90,"column":43}},"47":{"start":{"line":91,"column":15},"end":{"line":91,"column":43}},"48":{"start":{"line":92,"column":23},"end":{"line":92,"column":32}},"49":{"start":{"line":93,"column":25},"end":{"line":93,"column":33}},"50":{"start":{"line":95,"column":4},"end":{"line":102,"column":5}},"51":{"start":{"line":96,"column":8},"end":{"line":98,"column":37}},"52":{"start":{"line":101,"column":8},"end":{"line":101,"column":56}},"53":{"start":{"line":104,"column":15},"end":{"line":104,"column":56}},"54":{"start":{"line":104,"column":22},"end":{"line":104,"column":56}},"55":{"start":{"line":104,"column":28},"end":{"line":104,"column":56}},"56":{"start":{"line":104,"column":38},"end":{"line":104,"column":56}},"57":{"start":{"line":105,"column":15},"end":{"line":105,"column":57}},"58":{"start":{"line":105,"column":25},"end":{"line":105,"column":57}},"59":{"start":{"line":105,"column":31},"end":{"line":105,"column":57}},"60":{"start":{"line":105,"column":41},"end":{"line":105,"column":57}},"61":{"start":{"line":108,"column":8},"end":{"line":108,"column":27}},"62":{"start":{"line":112,"column":8},"end":{"line":112,"column":26}},"63":{"start":{"line":121,"column":8},"end":{"line":121,"column":56}},"64":{"start":{"line":122,"column":8},"end":{"line":122,"column":20}},"65":{"start":{"line":129,"column":8},"end":{"line":129,"column":56}},"66":{"start":{"line":130,"column":8},"end":{"line":130,"column":20}},"67":{"start":{"line":133,"column":27},"end":{"line":133,"column":42}},"68":{"start":{"line":134,"column":8},"end":{"line":140,"column":11}},"69":{"start":{"line":135,"column":38},"end":{"line":135,"column":45}},"70":{"start":{"line":136,"column":12},"end":{"line":137,"column":60}},"71":{"start":{"line":137,"column":16},"end":{"line":137,"column":60}},"72":{"start":{"line":138,"column":12},"end":{"line":139,"column":60}},"73":{"start":{"line":139,"column":16},"end":{"line":139,"column":60}},"74":{"start":{"line":141,"column":8},"end":{"line":141,"column":28}},"75":{"start":{"line":147,"column":16},"end":{"line":245,"column":1}},"76":{"start":{"line":149,"column":17},"end":{"line":154,"column":6}},"77":{"start":{"line":150,"column":8},"end":{"line":153,"column":73}},"78":{"start":{"line":151,"column":12},"end":{"line":151,"column":35}},"79":{"start":{"line":153,"column":12},"end":{"line":153,"column":73}},"80":{"start":{"line":156,"column":8},"end":{"line":161,"column":9}},"81":{"start":{"line":157,"column":12},"end":{"line":157,"column":44}},"82":{"start":{"line":157,"column":33},"end":{"line":157,"column":42}},"83":{"start":{"line":160,"column":12},"end":{"line":160,"column":74}},"84":{"start":{"line":164,"column":8},"end":{"line":176,"column":9}},"85":{"start":{"line":165,"column":12},"end":{"line":172,"column":15}},"86":{"start":{"line":166,"column":16},"end":{"line":167,"column":35}},"87":{"start":{"line":167,"column":20},"end":{"line":167,"column":35}},"88":{"start":{"line":168,"column":16},"end":{"line":171,"column":92}},"89":{"start":{"line":169,"column":20},"end":{"line":169,"column":35}},"90":{"start":{"line":171,"column":20},"end":{"line":171,"column":92}},"91":{"start":{"line":175,"column":12},"end":{"line":175,"column":75}},"92":{"start":{"line":178,"column":24},"end":{"line":190,"column":6}},"93":{"start":{"line":179,"column":8},"end":{"line":189,"column":9}},"94":{"start":{"line":180,"column":12},"end":{"line":181,"column":55}},"95":{"start":{"line":181,"column":16},"end":{"line":181,"column":55}},"96":{"start":{"line":181,"column":36},"end":{"line":181,"column":53}},"97":{"start":{"line":182,"column":12},"end":{"line":185,"column":88}},"98":{"start":{"line":183,"column":16},"end":{"line":183,"column":33}},"99":{"start":{"line":185,"column":16},"end":{"line":185,"column":88}},"100":{"start":{"line":188,"column":12},"end":{"line":188,"column":75}},"101":{"start":{"line":191,"column":24},"end":{"line":203,"column":6}},"102":{"start":{"line":192,"column":8},"end":{"line":202,"column":9}},"103":{"start":{"line":193,"column":12},"end":{"line":194,"column":54}},"104":{"start":{"line":194,"column":16},"end":{"line":194,"column":54}},"105":{"start":{"line":194,"column":35},"end":{"line":194,"column":52}},"106":{"start":{"line":195,"column":12},"end":{"line":198,"column":88}},"107":{"start":{"line":196,"column":16},"end":{"line":196,"column":39}},"108":{"start":{"line":198,"column":16},"end":{"line":198,"column":88}},"109":{"start":{"line":201,"column":12},"end":{"line":201,"column":75}},"110":{"start":{"line":205,"column":8},"end":{"line":210,"column":9}},"111":{"start":{"line":206,"column":12},"end":{"line":206,"column":44}},"112":{"start":{"line":206,"column":33},"end":{"line":206,"column":42}},"113":{"start":{"line":209,"column":12},"end":{"line":209,"column":37}},"114":{"start":{"line":209,"column":33},"end":{"line":209,"column":35}},"115":{"start":{"line":213,"column":8},"end":{"line":232,"column":9}},"116":{"start":{"line":214,"column":12},"end":{"line":221,"column":15}},"117":{"start":{"line":215,"column":16},"end":{"line":216,"column":47}},"118":{"start":{"line":216,"column":20},"end":{"line":216,"column":47}},"119":{"start":{"line":217,"column":16},"end":{"line":220,"column":92}},"120":{"start":{"line":218,"column":20},"end":{"line":218,"column":47}},"121":{"start":{"line":220,"column":20},"end":{"line":220,"column":92}},"122":{"start":{"line":224,"column":12},"end":{"line":231,"column":15}},"123":{"start":{"line":225,"column":16},"end":{"line":226,"column":36}},"124":{"start":{"line":226,"column":20},"end":{"line":226,"column":36}},"125":{"start":{"line":227,"column":16},"end":{"line":230,"column":92}},"126":{"start":{"line":228,"column":20},"end":{"line":228,"column":36}},"127":{"start":{"line":230,"column":20},"end":{"line":230,"column":92}},"128":{"start":{"line":235,"column":8},"end":{"line":238,"column":82}},"129":{"start":{"line":236,"column":12},"end":{"line":236,"column":39}},"130":{"start":{"line":238,"column":12},"end":{"line":238,"column":82}},"131":{"start":{"line":241,"column":23},"end":{"line":241,"column":47}},"132":{"start":{"line":241,"column":42},"end":{"line":241,"column":46}},"133":{"start":{"line":242,"column":20},"end":{"line":242,"column":66}},"134":{"start":{"line":242,"column":37},"end":{"line":242,"column":65}},"135":{"start":{"line":244,"column":22},"end":{"line":244,"column":45}},"136":{"start":{"line":244,"column":41},"end":{"line":244,"column":44}},"137":{"start":{"line":253,"column":17},"end":{"line":253,"column":27}},"138":{"start":{"line":254,"column":4},"end":{"line":269,"column":7}},"139":{"start":{"line":259,"column":25},"end":{"line":259,"column":62}},"140":{"start":{"line":260,"column":8},"end":{"line":268,"column":9}},"141":{"start":{"line":261,"column":46},"end":{"line":261,"column":54}},"142":{"start":{"line":262,"column":12},"end":{"line":264,"column":51}},"143":{"start":{"line":267,"column":12},"end":{"line":267,"column":64}},"144":{"start":{"line":270,"column":4},"end":{"line":270,"column":23}},"145":{"start":{"line":273,"column":4},"end":{"line":275,"column":5}},"146":{"start":{"line":274,"column":8},"end":{"line":274,"column":71}},"147":{"start":{"line":276,"column":16},"end":{"line":276,"column":20}},"148":{"start":{"line":277,"column":22},"end":{"line":277,"column":24}},"149":{"start":{"line":278,"column":4},"end":{"line":308,"column":8}},"150":{"start":{"line":280,"column":12},"end":{"line":306,"column":13}},"151":{"start":{"line":282,"column":20},"end":{"line":282,"column":32}},"152":{"start":{"line":284,"column":20},"end":{"line":284,"column":65}},"153":{"start":{"line":284,"column":40},"end":{"line":284,"column":64}},"154":{"start":{"line":286,"column":20},"end":{"line":293,"column":21}},"155":{"start":{"line":288,"column":24},"end":{"line":292,"column":26}},"156":{"start":{"line":289,"column":44},"end":{"line":289,"column":109}},"157":{"start":{"line":290,"column":40},"end":{"line":290,"column":68}},"158":{"start":{"line":291,"column":28},"end":{"line":291,"column":56}},"159":{"start":{"line":294,"column":20},"end":{"line":296,"column":21}},"160":{"start":{"line":295,"column":24},"end":{"line":295,"column":44}},"161":{"start":{"line":297,"column":20},"end":{"line":303,"column":21}},"162":{"start":{"line":298,"column":24},"end":{"line":302,"column":26}},"163":{"start":{"line":299,"column":44},"end":{"line":299,"column":109}},"164":{"start":{"line":300,"column":40},"end":{"line":300,"column":88}},"165":{"start":{"line":301,"column":28},"end":{"line":301,"column":56}},"166":{"start":{"line":304,"column":20},"end":{"line":304,"column":41}},"167":{"start":{"line":305,"column":20},"end":{"line":305,"column":33}},"168":{"start":{"line":314,"column":20},"end":{"line":348,"column":5}},"169":{"start":{"line":315,"column":29},"end":{"line":317,"column":28}},"170":{"start":{"line":316,"column":31},"end":{"line":316,"column":42}},"171":{"start":{"line":318,"column":28},"end":{"line":318,"column":53}},"172":{"start":{"line":319,"column":8},"end":{"line":327,"column":9}},"173":{"start":{"line":320,"column":12},"end":{"line":326,"column":13}},"174":{"start":{"line":321,"column":16},"end":{"line":321,"column":41}},"175":{"start":{"line":325,"column":16},"end":{"line":325,"column":27}},"176":{"start":{"line":328,"column":24},"end":{"line":337,"column":14}},"177":{"start":{"line":331,"column":16},"end":{"line":336,"column":17}},"178":{"start":{"line":332,"column":20},"end":{"line":332,"column":61}},"179":{"start":{"line":335,"column":20},"end":{"line":335,"column":116}},"180":{"start":{"line":338,"column":21},"end":{"line":338,"column":99}},"181":{"start":{"line":338,"column":29},"end":{"line":338,"column":98}},"182":{"start":{"line":338,"column":39},"end":{"line":338,"column":98}},"183":{"start":{"line":338,"column":71},"end":{"line":338,"column":93}},"184":{"start":{"line":339,"column":28},"end":{"line":339,"column":41}},"185":{"start":{"line":340,"column":21},"end":{"line":340,"column":42}},"186":{"start":{"line":341,"column":8},"end":{"line":345,"column":9}},"187":{"start":{"line":342,"column":12},"end":{"line":344,"column":13}},"188":{"start":{"line":343,"column":16},"end":{"line":343,"column":46}},"189":{"start":{"line":347,"column":8},"end":{"line":347,"column":22}},"190":{"start":{"line":349,"column":4},"end":{"line":349,"column":19}},"191":{"start":{"line":351,"column":16},"end":{"line":351,"column":28}},"192":{"start":{"line":353,"column":20},"end":{"line":356,"column":1}},"193":{"start":{"line":354,"column":4},"end":{"line":354,"column":57}},"194":{"start":{"line":354,"column":41},"end":{"line":354,"column":55}},"195":{"start":{"line":355,"column":4},"end":{"line":355,"column":19}},"196":{"start":{"line":357,"column":0},"end":{"line":357,"column":30}},"197":{"start":{"line":358,"column":0},"end":{"line":358,"column":40}},"198":{"start":{"line":358,"column":22},"end":{"line":358,"column":39}},"199":{"start":{"line":359,"column":0},"end":{"line":359,"column":24}},"200":{"start":{"line":361,"column":0},"end":{"line":361,"column":25}}},"fnMap":{"0":{"name":"(anonymous_0)","decl":{"start":{"line":3,"column":14},"end":{"line":3,"column":15}},"loc":{"start":{"line":3,"column":20},"end":{"line":3,"column":58}},"line":3},"1":{"name":"(anonymous_1)","decl":{"start":{"line":4,"column":13},"end":{"line":4,"column":14}},"loc":{"start":{"line":4,"column":22},"end":{"line":4,"column":61}},"line":4},"2":{"name":"(anonymous_2)","decl":{"start":{"line":5,"column":15},"end":{"line":5,"column":16}},"loc":{"start":{"line":5,"column":24},"end":{"line":5,"column":43}},"line":5},"3":{"name":"(anonymous_3)","decl":{"start":{"line":6,"column":15},"end":{"line":6,"column":16}},"loc":{"start":{"line":6,"column":22},"end":{"line":6,"column":36}},"line":6},"4":{"name":"(anonymous_4)","decl":{"start":{"line":7,"column":16},"end":{"line":7,"column":17}},"loc":{"start":{"line":7,"column":23},"end":{"line":7,"column":104}},"line":7},"5":{"name":"(anonymous_5)","decl":{"start":{"line":8,"column":13},"end":{"line":8,"column":14}},"loc":{"start":{"line":8,"column":20},"end":{"line":8,"column":45}},"line":8},"6":{"name":"(anonymous_6)","decl":{"start":{"line":9,"column":16},"end":{"line":9,"column":17}},"loc":{"start":{"line":9,"column":23},"end":{"line":9,"column":26}},"line":9},"7":{"name":"(anonymous_7)","decl":{"start":{"line":15,"column":13},"end":{"line":15,"column":14}},"loc":{"start":{"line":15,"column":29},"end":{"line":29,"column":1}},"line":15},"8":{"name":"(anonymous_8)","decl":{"start":{"line":15,"column":29},"end":{"line":15,"column":30}},"loc":{"start":{"line":15,"column":36},"end":{"line":29,"column":1}},"line":15},"9":{"name":"(anonymous_9)","decl":{"start":{"line":59,"column":10},"end":{"line":59,"column":11}},"loc":{"start":{"line":59,"column":15},"end":{"line":59,"column":19}},"line":59},"10":{"name":"(anonymous_10)","decl":{"start":{"line":62,"column":12},"end":{"line":62,"column":13}},"loc":{"start":{"line":62,"column":19},"end":{"line":62,"column":31}},"line":62},"11":{"name":"(anonymous_11)","decl":{"start":{"line":63,"column":10},"end":{"line":63,"column":11}},"loc":{"start":{"line":63,"column":17},"end":{"line":63,"column":19}},"line":63},"12":{"name":"(anonymous_12)","decl":{"start":{"line":64,"column":14},"end":{"line":64,"column":15}},"loc":{"start":{"line":64,"column":21},"end":{"line":64,"column":27}},"line":64},"13":{"name":"(anonymous_13)","decl":{"start":{"line":66,"column":13},"end":{"line":66,"column":14}},"loc":{"start":{"line":66,"column":20},"end":{"line":66,"column":22}},"line":66},"14":{"name":"(anonymous_14)","decl":{"start":{"line":68,"column":23},"end":{"line":68,"column":24}},"loc":{"start":{"line":68,"column":39},"end":{"line":81,"column":1}},"line":68},"15":{"name":"(anonymous_15)","decl":{"start":{"line":82,"column":23},"end":{"line":82,"column":24}},"loc":{"start":{"line":82,"column":35},"end":{"line":85,"column":1}},"line":82},"16":{"name":"(anonymous_16)","decl":{"start":{"line":86,"column":24},"end":{"line":86,"column":25}},"loc":{"start":{"line":86,"column":34},"end":{"line":103,"column":1}},"line":86},"17":{"name":"(anonymous_17)","decl":{"start":{"line":104,"column":15},"end":{"line":104,"column":16}},"loc":{"start":{"line":104,"column":22},"end":{"line":104,"column":56}},"line":104},"18":{"name":"(anonymous_18)","decl":{"start":{"line":104,"column":22},"end":{"line":104,"column":23}},"loc":{"start":{"line":104,"column":28},"end":{"line":104,"column":56}},"line":104},"19":{"name":"(anonymous_19)","decl":{"start":{"line":104,"column":28},"end":{"line":104,"column":29}},"loc":{"start":{"line":104,"column":38},"end":{"line":104,"column":56}},"line":104},"20":{"name":"(anonymous_20)","decl":{"start":{"line":105,"column":15},"end":{"line":105,"column":16}},"loc":{"start":{"line":105,"column":25},"end":{"line":105,"column":57}},"line":105},"21":{"name":"(anonymous_21)","decl":{"start":{"line":105,"column":25},"end":{"line":105,"column":26}},"loc":{"start":{"line":105,"column":31},"end":{"line":105,"column":57}},"line":105},"22":{"name":"(anonymous_22)","decl":{"start":{"line":105,"column":31},"end":{"line":105,"column":32}},"loc":{"start":{"line":105,"column":41},"end":{"line":105,"column":57}},"line":105},"23":{"name":"(anonymous_23)","decl":{"start":{"line":107,"column":4},"end":{"line":107,"column":5}},"loc":{"start":{"line":107,"column":18},"end":{"line":109,"column":5}},"line":107},"24":{"name":"(anonymous_24)","decl":{"start":{"line":111,"column":4},"end":{"line":111,"column":5}},"loc":{"start":{"line":111,"column":26},"end":{"line":113,"column":5}},"line":111},"25":{"name":"(anonymous_25)","decl":{"start":{"line":120,"column":4},"end":{"line":120,"column":5}},"loc":{"start":{"line":120,"column":16},"end":{"line":123,"column":5}},"line":120},"26":{"name":"(anonymous_26)","decl":{"start":{"line":128,"column":4},"end":{"line":128,"column":5}},"loc":{"start":{"line":128,"column":19},"end":{"line":131,"column":5}},"line":128},"27":{"name":"(anonymous_27)","decl":{"start":{"line":132,"column":4},"end":{"line":132,"column":5}},"loc":{"start":{"line":132,"column":11},"end":{"line":142,"column":5}},"line":132},"28":{"name":"(anonymous_28)","decl":{"start":{"line":134,"column":36},"end":{"line":134,"column":37}},"loc":{"start":{"line":134,"column":47},"end":{"line":140,"column":9}},"line":134},"29":{"name":"(anonymous_29)","decl":{"start":{"line":149,"column":7},"end":{"line":149,"column":8}},"loc":{"start":{"line":149,"column":17},"end":{"line":154,"column":6}},"line":149},"30":{"name":"(anonymous_30)","decl":{"start":{"line":149,"column":26},"end":{"line":149,"column":27}},"loc":{"start":{"line":149,"column":31},"end":{"line":154,"column":5}},"line":149},"31":{"name":"(anonymous_31)","decl":{"start":{"line":155,"column":8},"end":{"line":155,"column":9}},"loc":{"start":{"line":155,"column":23},"end":{"line":162,"column":5}},"line":155},"32":{"name":"(anonymous_32)","decl":{"start":{"line":157,"column":28},"end":{"line":157,"column":29}},"loc":{"start":{"line":157,"column":33},"end":{"line":157,"column":42}},"line":157},"33":{"name":"(anonymous_33)","decl":{"start":{"line":163,"column":9},"end":{"line":163,"column":10}},"loc":{"start":{"line":163,"column":24},"end":{"line":177,"column":5}},"line":163},"34":{"name":"(anonymous_34)","decl":{"start":{"line":165,"column":28},"end":{"line":165,"column":29}},"loc":{"start":{"line":165,"column":33},"end":{"line":172,"column":13}},"line":165},"35":{"name":"(anonymous_35)","decl":{"start":{"line":178,"column":9},"end":{"line":178,"column":10}},"loc":{"start":{"line":178,"column":24},"end":{"line":190,"column":6}},"line":178},"36":{"name":"(anonymous_36)","decl":{"start":{"line":178,"column":33},"end":{"line":178,"column":34}},"loc":{"start":{"line":178,"column":38},"end":{"line":190,"column":5}},"line":178},"37":{"name":"(anonymous_37)","decl":{"start":{"line":181,"column":31},"end":{"line":181,"column":32}},"loc":{"start":{"line":181,"column":36},"end":{"line":181,"column":53}},"line":181},"38":{"name":"(anonymous_38)","decl":{"start":{"line":191,"column":9},"end":{"line":191,"column":10}},"loc":{"start":{"line":191,"column":24},"end":{"line":203,"column":6}},"line":191},"39":{"name":"(anonymous_39)","decl":{"start":{"line":191,"column":33},"end":{"line":191,"column":34}},"loc":{"start":{"line":191,"column":38},"end":{"line":203,"column":5}},"line":191},"40":{"name":"(anonymous_40)","decl":{"start":{"line":194,"column":30},"end":{"line":194,"column":31}},"loc":{"start":{"line":194,"column":35},"end":{"line":194,"column":52}},"line":194},"41":{"name":"(anonymous_41)","decl":{"start":{"line":204,"column":9},"end":{"line":204,"column":10}},"loc":{"start":{"line":204,"column":29},"end":{"line":211,"column":5}},"line":204},"42":{"name":"(anonymous_42)","decl":{"start":{"line":206,"column":28},"end":{"line":206,"column":29}},"loc":{"start":{"line":206,"column":33},"end":{"line":206,"column":42}},"line":206},"43":{"name":"(anonymous_43)","decl":{"start":{"line":209,"column":28},"end":{"line":209,"column":29}},"loc":{"start":{"line":209,"column":33},"end":{"line":209,"column":35}},"line":209},"44":{"name":"(anonymous_44)","decl":{"start":{"line":212,"column":9},"end":{"line":212,"column":10}},"loc":{"start":{"line":212,"column":24},"end":{"line":233,"column":5}},"line":212},"45":{"name":"(anonymous_45)","decl":{"start":{"line":214,"column":28},"end":{"line":214,"column":29}},"loc":{"start":{"line":214,"column":33},"end":{"line":221,"column":13}},"line":214},"46":{"name":"(anonymous_46)","decl":{"start":{"line":224,"column":28},"end":{"line":224,"column":29}},"loc":{"start":{"line":224,"column":33},"end":{"line":231,"column":13}},"line":224},"47":{"name":"(anonymous_47)","decl":{"start":{"line":234,"column":9},"end":{"line":234,"column":10}},"loc":{"start":{"line":234,"column":24},"end":{"line":239,"column":5}},"line":234},"48":{"name":"(anonymous_48)","decl":{"start":{"line":241,"column":13},"end":{"line":241,"column":14}},"loc":{"start":{"line":241,"column":23},"end":{"line":241,"column":47}},"line":241},"49":{"name":"(anonymous_49)","decl":{"start":{"line":241,"column":35},"end":{"line":241,"column":36}},"loc":{"start":{"line":241,"column":42},"end":{"line":241,"column":46}},"line":241},"50":{"name":"(anonymous_50)","decl":{"start":{"line":242,"column":10},"end":{"line":242,"column":11}},"loc":{"start":{"line":242,"column":20},"end":{"line":242,"column":66}},"line":242},"51":{"name":"(anonymous_51)","decl":{"start":{"line":242,"column":32},"end":{"line":242,"column":33}},"loc":{"start":{"line":242,"column":37},"end":{"line":242,"column":65}},"line":242},"52":{"name":"(anonymous_52)","decl":{"start":{"line":244,"column":12},"end":{"line":244,"column":13}},"loc":{"start":{"line":244,"column":22},"end":{"line":244,"column":45}},"line":244},"53":{"name":"(anonymous_53)","decl":{"start":{"line":244,"column":34},"end":{"line":244,"column":35}},"loc":{"start":{"line":244,"column":41},"end":{"line":244,"column":44}},"line":244},"54":{"name":"genSortFnFromStr","decl":{"start":{"line":252,"column":9},"end":{"line":252,"column":25}},"loc":{"start":{"line":252,"column":30},"end":{"line":271,"column":1}},"line":252},"55":{"name":"(anonymous_55)","decl":{"start":{"line":256,"column":13},"end":{"line":256,"column":14}},"loc":{"start":{"line":256,"column":23},"end":{"line":269,"column":5}},"line":256},"56":{"name":"wrapperProxy","decl":{"start":{"line":272,"column":9},"end":{"line":272,"column":21}},"loc":{"start":{"line":272,"column":27},"end":{"line":309,"column":1}},"line":272},"57":{"name":"(anonymous_57)","decl":{"start":{"line":279,"column":8},"end":{"line":279,"column":9}},"loc":{"start":{"line":279,"column":26},"end":{"line":307,"column":9}},"line":279},"58":{"name":"(anonymous_58)","decl":{"start":{"line":284,"column":27},"end":{"line":284,"column":28}},"loc":{"start":{"line":284,"column":40},"end":{"line":284,"column":64}},"line":284},"59":{"name":"(anonymous_59)","decl":{"start":{"line":288,"column":31},"end":{"line":288,"column":32}},"loc":{"start":{"line":288,"column":45},"end":{"line":292,"column":25}},"line":288},"60":{"name":"(anonymous_60)","decl":{"start":{"line":298,"column":31},"end":{"line":298,"column":32}},"loc":{"start":{"line":298,"column":45},"end":{"line":302,"column":25}},"line":298},"61":{"name":"genFactory","decl":{"start":{"line":313,"column":9},"end":{"line":313,"column":19}},"loc":{"start":{"line":313,"column":22},"end":{"line":350,"column":1}},"line":313},"62":{"name":"(anonymous_62)","decl":{"start":{"line":314,"column":20},"end":{"line":314,"column":21}},"loc":{"start":{"line":314,"column":38},"end":{"line":348,"column":5}},"line":314},"63":{"name":"(anonymous_63)","decl":{"start":{"line":316,"column":20},"end":{"line":316,"column":21}},"loc":{"start":{"line":316,"column":31},"end":{"line":316,"column":42}},"line":316},"64":{"name":"(anonymous_64)","decl":{"start":{"line":330,"column":31},"end":{"line":330,"column":32}},"loc":{"start":{"line":330,"column":41},"end":{"line":337,"column":13}},"line":330},"65":{"name":"(anonymous_65)","decl":{"start":{"line":338,"column":21},"end":{"line":338,"column":22}},"loc":{"start":{"line":338,"column":29},"end":{"line":338,"column":98}},"line":338},"66":{"name":"(anonymous_66)","decl":{"start":{"line":338,"column":29},"end":{"line":338,"column":30}},"loc":{"start":{"line":338,"column":39},"end":{"line":338,"column":98}},"line":338},"67":{"name":"(anonymous_67)","decl":{"start":{"line":338,"column":50},"end":{"line":338,"column":51}},"loc":{"start":{"line":338,"column":71},"end":{"line":338,"column":93}},"line":338},"68":{"name":"(anonymous_68)","decl":{"start":{"line":353,"column":20},"end":{"line":353,"column":21}},"loc":{"start":{"line":353,"column":30},"end":{"line":356,"column":1}},"line":353},"69":{"name":"(anonymous_69)","decl":{"start":{"line":354,"column":29},"end":{"line":354,"column":30}},"loc":{"start":{"line":354,"column":41},"end":{"line":354,"column":55}},"line":354},"70":{"name":"(anonymous_70)","decl":{"start":{"line":358,"column":15},"end":{"line":358,"column":16}},"loc":{"start":{"line":358,"column":22},"end":{"line":358,"column":39}},"line":358}},"branchMap":{"0":{"loc":{"start":{"line":4,"column":22},"end":{"line":4,"column":61}},"type":"binary-expr","locations":[{"start":{"line":4,"column":22},"end":{"line":4,"column":29}},{"start":{"line":4,"column":33},"end":{"line":4,"column":61}}],"line":4},"1":{"loc":{"start":{"line":7,"column":23},"end":{"line":7,"column":104}},"type":"cond-expr","locations":[{"start":{"line":7,"column":35},"end":{"line":7,"column":41}},{"start":{"line":7,"column":44},"end":{"line":7,"column":104}}],"line":7},"2":{"loc":{"start":{"line":16,"column":18},"end":{"line":18,"column":31}},"type":"cond-expr","locations":[{"start":{"line":17,"column":10},"end":{"line":17,"column":48}},{"start":{"line":18,"column":10},"end":{"line":18,"column":31}}],"line":16},"3":{"loc":{"start":{"line":21,"column":11},"end":{"line":21,"column":30}},"type":"binary-expr","locations":[{"start":{"line":21,"column":11},"end":{"line":21,"column":14}},{"start":{"line":21,"column":18},"end":{"line":21,"column":30}}],"line":21},"4":{"loc":{"start":{"line":23,"column":8},"end":{"line":25,"column":9}},"type":"if","locations":[{"start":{"line":23,"column":8},"end":{"line":25,"column":9}},{"start":{"line":23,"column":8},"end":{"line":25,"column":9}}],"line":23},"5":{"loc":{"start":{"line":70,"column":4},"end":{"line":80,"column":5}},"type":"if","locations":[{"start":{"line":70,"column":4},"end":{"line":80,"column":5}},{"start":{"line":70,"column":4},"end":{"line":80,"column":5}}],"line":70},"6":{"loc":{"start":{"line":76,"column":15},"end":{"line":76,"column":49}},"type":"cond-expr","locations":[{"start":{"line":76,"column":27},"end":{"line":76,"column":28}},{"start":{"line":76,"column":32},"end":{"line":76,"column":48}}],"line":76},"7":{"loc":{"start":{"line":76,"column":32},"end":{"line":76,"column":48}},"type":"cond-expr","locations":[{"start":{"line":76,"column":42},"end":{"line":76,"column":44}},{"start":{"line":76,"column":47},"end":{"line":76,"column":48}}],"line":76},"8":{"loc":{"start":{"line":84,"column":11},"end":{"line":84,"column":49}},"type":"cond-expr","locations":[{"start":{"line":84,"column":25},"end":{"line":84,"column":26}},{"start":{"line":84,"column":30},"end":{"line":84,"column":48}}],"line":84},"9":{"loc":{"start":{"line":84,"column":30},"end":{"line":84,"column":48}},"type":"cond-expr","locations":[{"start":{"line":84,"column":42},"end":{"line":84,"column":43}},{"start":{"line":84,"column":46},"end":{"line":84,"column":48}}],"line":84},"10":{"loc":{"start":{"line":90,"column":15},"end":{"line":90,"column":43}},"type":"binary-expr","locations":[{"start":{"line":90,"column":15},"end":{"line":90,"column":28}},{"start":{"line":90,"column":32},"end":{"line":90,"column":43}}],"line":90},"11":{"loc":{"start":{"line":91,"column":15},"end":{"line":91,"column":43}},"type":"binary-expr","locations":[{"start":{"line":91,"column":15},"end":{"line":91,"column":28}},{"start":{"line":91,"column":32},"end":{"line":91,"column":43}}],"line":91},"12":{"loc":{"start":{"line":93,"column":25},"end":{"line":93,"column":33}},"type":"binary-expr","locations":[{"start":{"line":93,"column":25},"end":{"line":93,"column":27}},{"start":{"line":93,"column":31},"end":{"line":93,"column":33}}],"line":93},"13":{"loc":{"start":{"line":95,"column":4},"end":{"line":102,"column":5}},"type":"if","locations":[{"start":{"line":95,"column":4},"end":{"line":102,"column":5}},{"start":{"line":95,"column":4},"end":{"line":102,"column":5}}],"line":95},"14":{"loc":{"start":{"line":96,"column":15},"end":{"line":98,"column":36}},"type":"cond-expr","locations":[{"start":{"line":97,"column":14},"end":{"line":97,"column":41}},{"start":{"line":98,"column":14},"end":{"line":98,"column":36}}],"line":96},"15":{"loc":{"start":{"line":136,"column":12},"end":{"line":137,"column":60}},"type":"if","locations":[{"start":{"line":136,"column":12},"end":{"line":137,"column":60}},{"start":{"line":136,"column":12},"end":{"line":137,"column":60}}],"line":136},"16":{"loc":{"start":{"line":138,"column":12},"end":{"line":139,"column":60}},"type":"if","locations":[{"start":{"line":138,"column":12},"end":{"line":139,"column":60}},{"start":{"line":138,"column":12},"end":{"line":139,"column":60}}],"line":138},"17":{"loc":{"start":{"line":150,"column":8},"end":{"line":153,"column":73}},"type":"if","locations":[{"start":{"line":150,"column":8},"end":{"line":153,"column":73}},{"start":{"line":150,"column":8},"end":{"line":153,"column":73}}],"line":150},"18":{"loc":{"start":{"line":156,"column":8},"end":{"line":161,"column":9}},"type":"if","locations":[{"start":{"line":156,"column":8},"end":{"line":161,"column":9}},{"start":{"line":156,"column":8},"end":{"line":161,"column":9}}],"line":156},"19":{"loc":{"start":{"line":164,"column":8},"end":{"line":176,"column":9}},"type":"if","locations":[{"start":{"line":164,"column":8},"end":{"line":176,"column":9}},{"start":{"line":164,"column":8},"end":{"line":176,"column":9}}],"line":164},"20":{"loc":{"start":{"line":166,"column":16},"end":{"line":167,"column":35}},"type":"if","locations":[{"start":{"line":166,"column":16},"end":{"line":167,"column":35}},{"start":{"line":166,"column":16},"end":{"line":167,"column":35}}],"line":166},"21":{"loc":{"start":{"line":168,"column":16},"end":{"line":171,"column":92}},"type":"if","locations":[{"start":{"line":168,"column":16},"end":{"line":171,"column":92}},{"start":{"line":168,"column":16},"end":{"line":171,"column":92}}],"line":168},"22":{"loc":{"start":{"line":179,"column":8},"end":{"line":189,"column":9}},"type":"if","locations":[{"start":{"line":179,"column":8},"end":{"line":189,"column":9}},{"start":{"line":179,"column":8},"end":{"line":189,"column":9}}],"line":179},"23":{"loc":{"start":{"line":180,"column":12},"end":{"line":181,"column":55}},"type":"if","locations":[{"start":{"line":180,"column":12},"end":{"line":181,"column":55}},{"start":{"line":180,"column":12},"end":{"line":181,"column":55}}],"line":180},"24":{"loc":{"start":{"line":182,"column":12},"end":{"line":185,"column":88}},"type":"if","locations":[{"start":{"line":182,"column":12},"end":{"line":185,"column":88}},{"start":{"line":182,"column":12},"end":{"line":185,"column":88}}],"line":182},"25":{"loc":{"start":{"line":192,"column":8},"end":{"line":202,"column":9}},"type":"if","locations":[{"start":{"line":192,"column":8},"end":{"line":202,"column":9}},{"start":{"line":192,"column":8},"end":{"line":202,"column":9}}],"line":192},"26":{"loc":{"start":{"line":193,"column":12},"end":{"line":194,"column":54}},"type":"if","locations":[{"start":{"line":193,"column":12},"end":{"line":194,"column":54}},{"start":{"line":193,"column":12},"end":{"line":194,"column":54}}],"line":193},"27":{"loc":{"start":{"line":195,"column":12},"end":{"line":198,"column":88}},"type":"if","locations":[{"start":{"line":195,"column":12},"end":{"line":198,"column":88}},{"start":{"line":195,"column":12},"end":{"line":198,"column":88}}],"line":195},"28":{"loc":{"start":{"line":204,"column":16},"end":{"line":204,"column":24}},"type":"default-arg","locations":[{"start":{"line":204,"column":22},"end":{"line":204,"column":24}}],"line":204},"29":{"loc":{"start":{"line":205,"column":8},"end":{"line":210,"column":9}},"type":"if","locations":[{"start":{"line":205,"column":8},"end":{"line":210,"column":9}},{"start":{"line":205,"column":8},"end":{"line":210,"column":9}}],"line":205},"30":{"loc":{"start":{"line":213,"column":8},"end":{"line":232,"column":9}},"type":"if","locations":[{"start":{"line":213,"column":8},"end":{"line":232,"column":9}},{"start":{"line":213,"column":8},"end":{"line":232,"column":9}}],"line":213},"31":{"loc":{"start":{"line":215,"column":16},"end":{"line":216,"column":47}},"type":"if","locations":[{"start":{"line":215,"column":16},"end":{"line":216,"column":47}},{"start":{"line":215,"column":16},"end":{"line":216,"column":47}}],"line":215},"32":{"loc":{"start":{"line":217,"column":16},"end":{"line":220,"column":92}},"type":"if","locations":[{"start":{"line":217,"column":16},"end":{"line":220,"column":92}},{"start":{"line":217,"column":16},"end":{"line":220,"column":92}}],"line":217},"33":{"loc":{"start":{"line":225,"column":16},"end":{"line":226,"column":36}},"type":"if","locations":[{"start":{"line":225,"column":16},"end":{"line":226,"column":36}},{"start":{"line":225,"column":16},"end":{"line":226,"column":36}}],"line":225},"34":{"loc":{"start":{"line":227,"column":16},"end":{"line":230,"column":92}},"type":"if","locations":[{"start":{"line":227,"column":16},"end":{"line":230,"column":92}},{"start":{"line":227,"column":16},"end":{"line":230,"column":92}}],"line":227},"35":{"loc":{"start":{"line":235,"column":8},"end":{"line":238,"column":82}},"type":"if","locations":[{"start":{"line":235,"column":8},"end":{"line":238,"column":82}},{"start":{"line":235,"column":8},"end":{"line":238,"column":82}}],"line":235},"36":{"loc":{"start":{"line":242,"column":37},"end":{"line":242,"column":65}},"type":"cond-expr","locations":[{"start":{"line":242,"column":59},"end":{"line":242,"column":61}},{"start":{"line":242,"column":64},"end":{"line":242,"column":65}}],"line":242},"37":{"loc":{"start":{"line":260,"column":8},"end":{"line":268,"column":9}},"type":"if","locations":[{"start":{"line":260,"column":8},"end":{"line":268,"column":9}},{"start":{"line":260,"column":8},"end":{"line":268,"column":9}}],"line":260},"38":{"loc":{"start":{"line":262,"column":12},"end":{"line":264,"column":50}},"type":"cond-expr","locations":[{"start":{"line":263,"column":18},"end":{"line":263,"column":53}},{"start":{"line":264,"column":18},"end":{"line":264,"column":50}}],"line":262},"39":{"loc":{"start":{"line":273,"column":4},"end":{"line":275,"column":5}},"type":"if","locations":[{"start":{"line":273,"column":4},"end":{"line":275,"column":5}},{"start":{"line":273,"column":4},"end":{"line":275,"column":5}}],"line":273},"40":{"loc":{"start":{"line":280,"column":12},"end":{"line":306,"column":13}},"type":"switch","locations":[{"start":{"line":281,"column":16},"end":{"line":282,"column":32}},{"start":{"line":283,"column":16},"end":{"line":284,"column":65}},{"start":{"line":285,"column":16},"end":{"line":305,"column":33}}],"line":280},"41":{"loc":{"start":{"line":286,"column":20},"end":{"line":293,"column":21}},"type":"if","locations":[{"start":{"line":286,"column":20},"end":{"line":293,"column":21}},{"start":{"line":286,"column":20},"end":{"line":293,"column":21}}],"line":286},"42":{"loc":{"start":{"line":288,"column":32},"end":{"line":288,"column":40}},"type":"default-arg","locations":[{"start":{"line":288,"column":38},"end":{"line":288,"column":40}}],"line":288},"43":{"loc":{"start":{"line":294,"column":20},"end":{"line":296,"column":21}},"type":"if","locations":[{"start":{"line":294,"column":20},"end":{"line":296,"column":21}},{"start":{"line":294,"column":20},"end":{"line":296,"column":21}}],"line":294},"44":{"loc":{"start":{"line":297,"column":20},"end":{"line":303,"column":21}},"type":"if","locations":[{"start":{"line":297,"column":20},"end":{"line":303,"column":21}},{"start":{"line":297,"column":20},"end":{"line":303,"column":21}}],"line":297},"45":{"loc":{"start":{"line":298,"column":32},"end":{"line":298,"column":40}},"type":"default-arg","locations":[{"start":{"line":298,"column":38},"end":{"line":298,"column":40}}],"line":298},"46":{"loc":{"start":{"line":319,"column":8},"end":{"line":327,"column":9}},"type":"if","locations":[{"start":{"line":319,"column":8},"end":{"line":327,"column":9}},{"start":{"line":319,"column":8},"end":{"line":327,"column":9}}],"line":319},"47":{"loc":{"start":{"line":319,"column":12},"end":{"line":319,"column":43}},"type":"binary-expr","locations":[{"start":{"line":319,"column":12},"end":{"line":319,"column":23}},{"start":{"line":319,"column":27},"end":{"line":319,"column":43}}],"line":319},"48":{"loc":{"start":{"line":320,"column":12},"end":{"line":326,"column":13}},"type":"if","locations":[{"start":{"line":320,"column":12},"end":{"line":326,"column":13}},{"start":{"line":320,"column":12},"end":{"line":326,"column":13}}],"line":320},"49":{"loc":{"start":{"line":328,"column":24},"end":{"line":337,"column":14}},"type":"cond-expr","locations":[{"start":{"line":329,"column":14},"end":{"line":329,"column":33}},{"start":{"line":330,"column":14},"end":{"line":337,"column":14}}],"line":328},"50":{"loc":{"start":{"line":332,"column":27},"end":{"line":332,"column":60}},"type":"cond-expr","locations":[{"start":{"line":332,"column":37},"end":{"line":332,"column":38}},{"start":{"line":332,"column":41},"end":{"line":332,"column":60}}],"line":332},"51":{"loc":{"start":{"line":338,"column":71},"end":{"line":338,"column":93}},"type":"binary-expr","locations":[{"start":{"line":338,"column":71},"end":{"line":338,"column":81}},{"start":{"line":338,"column":85},"end":{"line":338,"column":93}}],"line":338},"52":{"loc":{"start":{"line":341,"column":8},"end":{"line":345,"column":9}},"type":"if","locations":[{"start":{"line":341,"column":8},"end":{"line":345,"column":9}},{"start":{"line":341,"column":8},"end":{"line":345,"column":9}}],"line":341},"53":{"loc":{"start":{"line":342,"column":12},"end":{"line":344,"column":13}},"type":"if","locations":[{"start":{"line":342,"column":12},"end":{"line":344,"column":13}},{"start":{"line":342,"column":12},"end":{"line":344,"column":13}}],"line":342}},"s":{"0":1,"1":147,"2":1,"3":147,"4":1,"5":96,"6":1,"7":3212,"8":1,"9":3212,"10":1,"11":128,"12":1,"13":170,"14":1,"15":34,"16":586,"17":586,"18":586,"19":586,"20":754,"21":754,"22":96,"23":754,"24":586,"25":1,"26":1,"27":66,"28":20,"29":28,"30":24,"31":608,"32":1,"33":1353,"34":1353,"35":1302,"36":1302,"37":1302,"38":51,"39":1,"40":189,"41":189,"42":1,"43":1542,"44":1542,"45":1542,"46":1542,"47":1542,"48":1542,"49":1542,"50":1542,"51":1542,"52":0,"53":1,"54":117,"55":117,"56":782,"57":1,"58":20,"59":20,"60":144,"61":170,"62":137,"63":117,"64":117,"65":20,"66":20,"67":170,"68":170,"69":137,"70":137,"71":117,"72":137,"73":20,"74":170,"75":1,"76":18,"77":196,"78":196,"79":0,"80":32,"81":32,"82":442,"83":0,"84":7,"85":7,"86":66,"87":20,"88":46,"89":46,"90":0,"91":0,"92":6,"93":50,"94":50,"95":18,"96":30,"97":32,"98":32,"99":0,"100":0,"101":6,"102":72,"103":72,"104":24,"105":48,"106":48,"107":48,"108":0,"109":0,"110":2,"111":2,"112":20,"113":0,"114":0,"115":4,"116":2,"117":24,"118":0,"119":24,"120":24,"121":0,"122":2,"123":24,"124":0,"125":24,"126":24,"127":0,"128":34,"129":34,"130":0,"131":16,"132":84,"133":0,"134":0,"135":4,"136":60,"137":114,"138":114,"139":137,"140":137,"141":137,"142":137,"143":0,"144":114,"145":254,"146":0,"147":254,"148":254,"149":254,"150":285,"151":2,"152":94,"153":94,"154":189,"155":38,"156":38,"157":38,"158":38,"159":151,"160":144,"161":7,"162":0,"163":0,"164":0,"165":0,"166":7,"167":7,"168":1,"169":161,"170":134,"171":161,"172":161,"173":3,"174":3,"175":0,"176":158,"177":128,"178":128,"179":0,"180":158,"181":158,"182":1496,"183":1720,"184":158,"185":158,"186":158,"187":157,"188":157,"189":158,"190":1,"191":1,"192":1,"193":5,"194":5,"195":5,"196":1,"197":1,"198":94,"199":1,"200":1},"f":{"0":147,"1":147,"2":96,"3":3212,"4":3212,"5":128,"6":170,"7":34,"8":586,"9":66,"10":20,"11":28,"12":24,"13":608,"14":1353,"15":189,"16":1542,"17":117,"18":117,"19":782,"20":20,"21":20,"22":144,"23":170,"24":137,"25":117,"26":20,"27":170,"28":137,"29":18,"30":196,"31":32,"32":442,"33":7,"34":66,"35":6,"36":50,"37":30,"38":6,"39":72,"40":48,"41":2,"42":20,"43":0,"44":4,"45":24,"46":24,"47":34,"48":16,"49":84,"50":0,"51":0,"52":4,"53":60,"54":114,"55":137,"56":254,"57":285,"58":94,"59":38,"60":0,"61":1,"62":161,"63":134,"64":128,"65":158,"66":1496,"67":1720,"68":5,"69":5,"70":94},"b":{"0":[147,0],"1":[152,3060],"2":[0,586],"3":[1340,1196],"4":[96,658],"5":[1302,51],"6":[242,1060],"7":[624,436],"8":[0,189],"9":[90,99],"10":[1542,319],"11":[1542,320],"12":[1542,1542],"13":[1542,0],"14":[1353,189],"15":[117,20],"16":[20,117],"17":[196,0],"18":[32,0],"19":[7,0],"20":[20,46],"21":[46,0],"22":[50,0],"23":[18,32],"24":[32,0],"25":[72,0],"26":[24,48],"27":[48,0],"28":[0],"29":[2,0],"30":[2,2],"31":[0,24],"32":[24,0],"33":[0,24],"34":[24,0],"35":[34,0],"36":[0,0],"37":[137,0],"38":[108,29],"39":[0,254],"40":[2,94,189],"41":[38,151],"42":[16],"43":[144,7],"44":[0,7],"45":[0],"46":[3,158],"47":[161,59],"48":[3,0],"49":[56,102],"50":[14,114],"51":[1720,1574],"52":[157,1],"53":[157,0]},"_coverageSchema":"1a1c01bbd47fc00a2c39e90264f33305004495a9","hash":"5a865df4f578bff37e130e005a2defce37387b17","contentHash":"60362c70d0120dafb516db82da7b3665364638028f0b467405851f645103c086"}
}
